<<<<<<< HEAD
This is pdfTeX, Version 3.14159265-2.6-1.40.19 (TeX Live 2018) (preloaded format=pdflatex 2019.2.6)  6 FEB 2019 16:03
=======
This is pdfTeX, Version 3.14159265-2.6-1.40.16 (TeX Live 2015/Debian) (preloaded format=pdflatex 2019.1.21)  5 FEB 2019 16:37
>>>>>>> ec49b598f1b419e06643ed41352148c9d89ea7f5
entering extended mode
 restricted \write18 enabled.
 file:line:error style messages enabled.
 %&-line parsing enabled.
**/Users/lpzme/work/why_deconvolve/main.tex
(/Users/lpzme/work/why_deconvolve/main.tex
LaTeX2e <2018-04-01> patch level 2
Babel <3.18> and hyphenation patterns for 84 language(s) loaded.
(/usr/local/texlive/2018/texmf-dist/tex/latex/base/article.cls
Document Class: article 2014/09/29 v1.4h Standard LaTeX document class
(/usr/local/texlive/2018/texmf-dist/tex/latex/base/size10.clo
File: size10.clo 2014/09/29 v1.4h Standard LaTeX file (size option)
)
\c@part=\count80
\c@section=\count81
\c@subsection=\count82
\c@subsubsection=\count83
\c@paragraph=\count84
\c@subparagraph=\count85
\c@figure=\count86
\c@table=\count87
\abovecaptionskip=\skip41
\belowcaptionskip=\skip42
\bibindent=\dimen102
) (/usr/local/texlive/2018/texmf-dist/tex/latex/psnfss/helvet.sty
Package: helvet 2005/04/12 PSNFSS-v9.2a (WaS) 
 (/usr/local/texlive/2018/texmf-dist/tex/latex/graphics/keyval.sty
Package: keyval 2014/10/28 v1.15 key=value parser (DPC)
\KV@toks@=\toks14
)) (/usr/local/texlive/2018/texmf-dist/tex/generic/babel/babel.sty
Package: babel 2018/02/14 3.18 The Babel package
 (/usr/local/texlive/2018/texmf-dist/tex/generic/babel/switch.def
File: switch.def 2018/02/14 3.18 Babel switching mechanism
) (/usr/local/texlive/2018/texmf-dist/tex/generic/babel-english/english.ldf
Language: english 2017/06/06 v3.3r English support from the babel system
 (/usr/local/texlive/2018/texmf-dist/tex/generic/babel/babel.def
File: babel.def 2018/02/14 3.18 Babel common definitions
\babel@savecnt=\count88
\U@D=\dimen103
 (/usr/local/texlive/2018/texmf-dist/tex/generic/babel/txtbabel.def)
\bbl@dirlevel=\count89
)
\l@canadian = a dialect from \language\l@american 
\l@australian = a dialect from \language\l@british 
\l@newzealand = a dialect from \language\l@british 
)) (/usr/local/texlive/2018/texmf-dist/tex/latex/base/inputenc.sty
Package: inputenc 2018/04/06 v1.3b Input encoding file
\inpenc@prehook=\toks15
\inpenc@posthook=\toks16
 (/usr/local/texlive/2018/texmf-dist/tex/latex/ucs/utf8x.def
File: utf8x.def 2004/10/17 UCS: Input encoding UTF-8
)) (/usr/local/texlive/2018/texmf-dist/tex/latex/ucs/ucs.sty
Package: ucs 2013/05/11 v2.2 UCS: Unicode input support
 (/usr/local/texlive/2018/texmf-dist/tex/latex/ucs/data/uni-global.def
File: uni-global.def 2013/05/13 UCS: Unicode global data
)
\uc@secondtry=\count90
\uc@combtoks=\toks17
\uc@combtoksb=\toks18
\uc@temptokena=\toks19
) (/usr/local/texlive/2018/texmf-dist/tex/latex/base/fontenc.sty
Package: fontenc 2017/04/05 v2.0i Standard LaTeX package
 (/usr/local/texlive/2018/texmf-dist/tex/latex/base/t1enc.def
File: t1enc.def 2017/04/05 v2.0i Standard LaTeX file
LaTeX Font Info:    Redeclaring font encoding T1 on input line 48.
<<<<<<< HEAD
)) (/usr/local/texlive/2018/texmf-dist/tex/latex/geometry/geometry.sty
Package: geometry 2018/03/24 v5.7 Page Geometry
 (/usr/local/texlive/2018/texmf-dist/tex/generic/oberdiek/ifpdf.sty
Package: ifpdf 2017/03/15 v3.2 Provides the ifpdf switch
) (/usr/local/texlive/2018/texmf-dist/tex/generic/oberdiek/ifvtex.sty
Package: ifvtex 2016/05/16 v1.6 Detect VTeX and its facilities (HO)
=======
))
(/usr/share/texlive/texmf-dist/tex/latex/geometry/geometry.sty
Package: geometry 2010/09/12 v5.6 Page Geometry

(/usr/share/texlive/texmf-dist/tex/generic/oberdiek/ifpdf.sty
Package: ifpdf 2011/01/30 v2.3 Provides the ifpdf switch (HO)
Package ifpdf Info: pdfTeX in PDF mode is detected.
)
(/usr/share/texlive/texmf-dist/tex/generic/oberdiek/ifvtex.sty
Package: ifvtex 2010/03/01 v1.5 Detect VTeX and its facilities (HO)
>>>>>>> ec49b598f1b419e06643ed41352148c9d89ea7f5
Package ifvtex Info: VTeX not detected.
) (/usr/local/texlive/2018/texmf-dist/tex/generic/ifxetex/ifxetex.sty
Package: ifxetex 2010/09/12 v0.6 Provides ifxetex conditional
)
\Gm@cnth=\count91
\Gm@cntv=\count92
\c@Gm@tempcnt=\count93
\Gm@bindingoffset=\dimen104
\Gm@wd@mp=\dimen105
\Gm@odd@mp=\dimen106
\Gm@even@mp=\dimen107
\Gm@layoutwidth=\dimen108
\Gm@layoutheight=\dimen109
\Gm@layouthoffset=\dimen110
\Gm@layoutvoffset=\dimen111
\Gm@dimlist=\toks20
) (/usr/local/texlive/2018/texmf-dist/tex/latex/natbib/natbib.sty
Package: natbib 2010/09/13 8.31b (PWD, AO)
\bibhang=\skip43
\bibsep=\skip44
LaTeX Info: Redefining \cite on input line 694.
<<<<<<< HEAD
\c@NAT@ctr=\count94
) (/usr/local/texlive/2018/texmf-dist/tex/latex/xcolor/xcolor.sty
Package: xcolor 2016/05/11 v2.12 LaTeX color extensions (UK)
 (/usr/local/texlive/2018/texmf-dist/tex/latex/graphics-cfg/color.cfg
File: color.cfg 2016/01/02 v1.6 sample color configuration
)
Package xcolor Info: Driver file: pdftex.def on input line 225.
 (/usr/local/texlive/2018/texmf-dist/tex/latex/graphics-def/pdftex.def
File: pdftex.def 2018/01/08 v1.0l Graphics/color driver for pdftex
)
Package xcolor Info: Model `cmy' substituted by `cmy0' on input line 1348.
Package xcolor Info: Model `hsb' substituted by `rgb' on input line 1352.
Package xcolor Info: Model `RGB' extended on input line 1364.
Package xcolor Info: Model `HTML' substituted by `rgb' on input line 1366.
Package xcolor Info: Model `Hsb' substituted by `hsb' on input line 1367.
Package xcolor Info: Model `tHsb' substituted by `hsb' on input line 1368.
Package xcolor Info: Model `HSB' substituted by `hsb' on input line 1369.
Package xcolor Info: Model `Gray' substituted by `gray' on input line 1370.
Package xcolor Info: Model `wave' substituted by `hsb' on input line 1371.
 (/usr/local/texlive/2018/texmf-dist/tex/latex/graphics/dvipsnam.def
File: dvipsnam.def 2016/06/17 v3.0m Driver-dependent file (DPC,SPQR)
)) (/usr/local/texlive/2018/texmf-dist/tex/latex/sectsty/sectsty.sty
Package: sectsty 2002/02/25 v2.0.2 Commands to change all sectional heading styles
) (/usr/local/texlive/2018/texmf-dist/tex/latex/amsmath/amsmath.sty
Package: amsmath 2017/09/02 v2.17a AMS math features
=======
\c@NAT@ctr=\count92
)
(/usr/share/texlive/texmf-dist/tex/latex/xcolor/xcolor.sty
Package: xcolor 2007/01/21 v2.11 LaTeX color extensions (UK)

(/usr/share/texlive/texmf-dist/tex/latex/latexconfig/color.cfg
File: color.cfg 2007/01/18 v1.5 color configuration of teTeX/TeXLive
)
Package xcolor Info: Driver file: pdftex.def on input line 225.

(/usr/share/texlive/texmf-dist/tex/latex/pdftex-def/pdftex.def
File: pdftex.def 2011/05/27 v0.06d Graphics/color for pdfTeX

(/usr/share/texlive/texmf-dist/tex/generic/oberdiek/infwarerr.sty
Package: infwarerr 2010/04/08 v1.3 Providing info/warning/error messages (HO)
)
(/usr/share/texlive/texmf-dist/tex/generic/oberdiek/ltxcmds.sty
Package: ltxcmds 2011/11/09 v1.22 LaTeX kernel commands for general use (HO)
)
\Gread@gobject=\count93
)
Package xcolor Info: Model `cmy' substituted by `cmy0' on input line 1337.
Package xcolor Info: Model `hsb' substituted by `rgb' on input line 1341.
Package xcolor Info: Model `RGB' extended on input line 1353.
Package xcolor Info: Model `HTML' substituted by `rgb' on input line 1355.
Package xcolor Info: Model `Hsb' substituted by `hsb' on input line 1356.
Package xcolor Info: Model `tHsb' substituted by `hsb' on input line 1357.
Package xcolor Info: Model `HSB' substituted by `hsb' on input line 1358.
Package xcolor Info: Model `Gray' substituted by `gray' on input line 1359.
Package xcolor Info: Model `wave' substituted by `hsb' on input line 1360.

(/usr/share/texlive/texmf-dist/tex/latex/graphics/dvipsnam.def
File: dvipsnam.def 2015/12/30 v3.0k Driver-dependent file (DPC,SPQR)
))
(/usr/share/texlive/texmf-dist/tex/latex/sectsty/sectsty.sty
Package: sectsty 2002/02/25 v2.0.2 Commands to change all sectional heading sty
les
)
(/usr/share/texlive/texmf-dist/tex/latex/amsmath/amsmath.sty
Package: amsmath 2016/03/03 v2.15a AMS math features
>>>>>>> ec49b598f1b419e06643ed41352148c9d89ea7f5
\@mathmargin=\skip45

For additional information on amsmath, use the `?' option.
(/usr/local/texlive/2018/texmf-dist/tex/latex/amsmath/amstext.sty
Package: amstext 2000/06/29 v2.01 AMS text
 (/usr/local/texlive/2018/texmf-dist/tex/latex/amsmath/amsgen.sty
File: amsgen.sty 1999/11/30 v2.0 generic functions
\@emptytoks=\toks21
\ex@=\dimen112
)) (/usr/local/texlive/2018/texmf-dist/tex/latex/amsmath/amsbsy.sty
Package: amsbsy 1999/11/29 v1.2d Bold Symbols
\pmbraise@=\dimen113
<<<<<<< HEAD
) (/usr/local/texlive/2018/texmf-dist/tex/latex/amsmath/amsopn.sty
Package: amsopn 2016/03/08 v2.02 operator names
)
\inf@bad=\count95
LaTeX Info: Redefining \frac on input line 213.
\uproot@=\count96
\leftroot@=\count97
LaTeX Info: Redefining \overline on input line 375.
\classnum@=\count98
\DOTSCASE@=\count99
LaTeX Info: Redefining \ldots on input line 472.
LaTeX Info: Redefining \dots on input line 475.
LaTeX Info: Redefining \cdots on input line 596.
\Mathstrutbox@=\box26
\strutbox@=\box27
\big@size=\dimen114
LaTeX Font Info:    Redeclaring font encoding OML on input line 712.
LaTeX Font Info:    Redeclaring font encoding OMS on input line 713.
\macc@depth=\count100
\c@MaxMatrixCols=\count101
\dotsspace@=\muskip10
\c@parentequation=\count102
\dspbrk@lvl=\count103
\tag@help=\toks22
\row@=\count104
\column@=\count105
\maxfields@=\count106
=======
)
(/usr/share/texlive/texmf-dist/tex/latex/amsmath/amsopn.sty
Package: amsopn 1999/12/14 v2.01 operator names
)
\inf@bad=\count94
LaTeX Info: Redefining \frac on input line 199.
\uproot@=\count95
\leftroot@=\count96
LaTeX Info: Redefining \overline on input line 297.
\classnum@=\count97
\DOTSCASE@=\count98
LaTeX Info: Redefining \ldots on input line 394.
LaTeX Info: Redefining \dots on input line 397.
LaTeX Info: Redefining \cdots on input line 518.
\Mathstrutbox@=\box26
\strutbox@=\box27
\big@size=\dimen114
LaTeX Font Info:    Redeclaring font encoding OML on input line 630.
LaTeX Font Info:    Redeclaring font encoding OMS on input line 631.
\macc@depth=\count99
\c@MaxMatrixCols=\count100
\dotsspace@=\muskip10
\c@parentequation=\count101
\dspbrk@lvl=\count102
\tag@help=\toks22
\row@=\count103
\column@=\count104
\maxfields@=\count105
>>>>>>> ec49b598f1b419e06643ed41352148c9d89ea7f5
\andhelp@=\toks23
\eqnshift@=\dimen115
\alignsep@=\dimen116
\tagshift@=\dimen117
\tagwidth@=\dimen118
\totwidth@=\dimen119
\lineht@=\dimen120
\@envbody=\toks24
\multlinegap=\skip46
\multlinetaggap=\skip47
\mathdisplay@stack=\toks25
LaTeX Info: Redefining \[ on input line 2817.
LaTeX Info: Redefining \] on input line 2818.
) (/usr/local/texlive/2018/texmf-dist/tex/latex/graphics/graphicx.sty
Package: graphicx 2017/06/01 v1.1a Enhanced LaTeX Graphics (DPC,SPQR)
 (/usr/local/texlive/2018/texmf-dist/tex/latex/graphics/graphics.sty
Package: graphics 2017/06/25 v1.2c Standard LaTeX Graphics (DPC,SPQR)
 (/usr/local/texlive/2018/texmf-dist/tex/latex/graphics/trig.sty
Package: trig 2016/01/03 v1.10 sin cos tan (DPC)
) (/usr/local/texlive/2018/texmf-dist/tex/latex/graphics-cfg/graphics.cfg
File: graphics.cfg 2016/06/04 v1.11 sample graphics configuration
)
<<<<<<< HEAD
Package graphics Info: Driver file: pdftex.def on input line 99.
=======
(/usr/share/texlive/texmf-dist/tex/latex/latexconfig/graphics.cfg
File: graphics.cfg 2010/04/23 v1.9 graphics configuration of TeX Live
)
Package graphics Info: Driver file: pdftex.def on input line 95.
>>>>>>> ec49b598f1b419e06643ed41352148c9d89ea7f5
)
\Gin@req@height=\dimen121
\Gin@req@width=\dimen122
) (/usr/local/texlive/2018/texmf-dist/tex/latex/todonotes/todonotes.sty
Package: todonotes 2015/07/09 .dtx Todonotes source and documentation.
Package: todonotes 2012/07/25
 (/usr/local/texlive/2018/texmf-dist/tex/latex/base/ifthen.sty
Package: ifthen 2014/09/29 v1.1c Standard LaTeX ifthen package (DPC)
) (/usr/local/texlive/2018/texmf-dist/tex/latex/xkeyval/xkeyval.sty
Package: xkeyval 2014/12/03 v2.7a package option processing (HA)
 (/usr/local/texlive/2018/texmf-dist/tex/generic/xkeyval/xkeyval.tex (/usr/local/texlive/2018/texmf-dist/tex/generic/xkeyval/xkvutils.tex
\XKV@toks=\toks26
\XKV@tempa@toks=\toks27
)
<<<<<<< HEAD
\XKV@depth=\count107
=======
\XKV@depth=\count106
>>>>>>> ec49b598f1b419e06643ed41352148c9d89ea7f5
File: xkeyval.tex 2014/12/03 v2.7a key=value parser (HA)
)) (/usr/local/texlive/2018/texmf-dist/tex/latex/pgf/frontendlayer/tikz.sty (/usr/local/texlive/2018/texmf-dist/tex/latex/pgf/basiclayer/pgf.sty (/usr/local/texlive/2018/texmf-dist/tex/latex/pgf/utilities/pgfrcs.sty (/usr/local/texlive/2018/texmf-dist/tex/generic/pgf/utilities/pgfutil-common.tex
\pgfutil@everybye=\toks28
\pgfutil@tempdima=\dimen123
\pgfutil@tempdimb=\dimen124
 (/usr/local/texlive/2018/texmf-dist/tex/generic/pgf/utilities/pgfutil-common-lists.tex)) (/usr/local/texlive/2018/texmf-dist/tex/generic/pgf/utilities/pgfutil-latex.def
\pgfutil@abb=\box28
 (/usr/local/texlive/2018/texmf-dist/tex/latex/ms/everyshi.sty
Package: everyshi 2001/05/15 v3.00 EveryShipout Package (MS)
)) (/usr/local/texlive/2018/texmf-dist/tex/generic/pgf/utilities/pgfrcs.code.tex
Package: pgfrcs 2015/08/07 v3.0.1a (rcs-revision 1.31)
))
Package: pgf 2015/08/07 v3.0.1a (rcs-revision 1.15)
 (/usr/local/texlive/2018/texmf-dist/tex/latex/pgf/basiclayer/pgfcore.sty (/usr/local/texlive/2018/texmf-dist/tex/latex/pgf/systemlayer/pgfsys.sty (/usr/local/texlive/2018/texmf-dist/tex/generic/pgf/systemlayer/pgfsys.code.tex
Package: pgfsys 2014/07/09 v3.0.1a (rcs-revision 1.48)
 (/usr/local/texlive/2018/texmf-dist/tex/generic/pgf/utilities/pgfkeys.code.tex
\pgfkeys@pathtoks=\toks29
\pgfkeys@temptoks=\toks30
 (/usr/local/texlive/2018/texmf-dist/tex/generic/pgf/utilities/pgfkeysfiltered.code.tex
\pgfkeys@tmptoks=\toks31
))
\pgf@x=\dimen125
\pgf@y=\dimen126
\pgf@xa=\dimen127
\pgf@ya=\dimen128
\pgf@xb=\dimen129
\pgf@yb=\dimen130
\pgf@xc=\dimen131
\pgf@yc=\dimen132
\w@pgf@writea=\write3
\r@pgf@reada=\read1
<<<<<<< HEAD
\c@pgf@counta=\count108
\c@pgf@countb=\count109
\c@pgf@countc=\count110
\c@pgf@countd=\count111
=======
\c@pgf@counta=\count107
\c@pgf@countb=\count108
\c@pgf@countc=\count109
\c@pgf@countd=\count110
>>>>>>> ec49b598f1b419e06643ed41352148c9d89ea7f5
\t@pgf@toka=\toks32
\t@pgf@tokb=\toks33
\t@pgf@tokc=\toks34
 (/usr/local/texlive/2018/texmf-dist/tex/generic/pgf/systemlayer/pgf.cfg
File: pgf.cfg 2008/05/14  (rcs-revision 1.7)
)
Driver file for pgf: pgfsys-pdftex.def
<<<<<<< HEAD
 (/usr/local/texlive/2018/texmf-dist/tex/generic/pgf/systemlayer/pgfsys-pdftex.def
File: pgfsys-pdftex.def 2014/10/11  (rcs-revision 1.35)
 (/usr/local/texlive/2018/texmf-dist/tex/generic/pgf/systemlayer/pgfsys-common-pdf.def
File: pgfsys-common-pdf.def 2013/10/10  (rcs-revision 1.13)
))) (/usr/local/texlive/2018/texmf-dist/tex/generic/pgf/systemlayer/pgfsyssoftpath.code.tex
=======

(/usr/share/texlive/texmf-dist/tex/generic/pgf/systemlayer/pgfsys-pdftex.def
File: pgfsys-pdftex.def 2014/10/11  (rcs-revision 1.35)

(/usr/share/texlive/texmf-dist/tex/generic/pgf/systemlayer/pgfsys-common-pdf.de
f
File: pgfsys-common-pdf.def 2013/10/10  (rcs-revision 1.13)
)))
(/usr/share/texlive/texmf-dist/tex/generic/pgf/systemlayer/pgfsyssoftpath.code.
tex
>>>>>>> ec49b598f1b419e06643ed41352148c9d89ea7f5
File: pgfsyssoftpath.code.tex 2013/09/09  (rcs-revision 1.9)
\pgfsyssoftpath@smallbuffer@items=\count112
\pgfsyssoftpath@bigbuffer@items=\count113
) (/usr/local/texlive/2018/texmf-dist/tex/generic/pgf/systemlayer/pgfsysprotocol.code.tex
File: pgfsysprotocol.code.tex 2006/10/16  (rcs-revision 1.4)
)) (/usr/local/texlive/2018/texmf-dist/tex/generic/pgf/basiclayer/pgfcore.code.tex
Package: pgfcore 2010/04/11 v3.0.1a (rcs-revision 1.7)
 (/usr/local/texlive/2018/texmf-dist/tex/generic/pgf/math/pgfmath.code.tex (/usr/local/texlive/2018/texmf-dist/tex/generic/pgf/math/pgfmathcalc.code.tex (/usr/local/texlive/2018/texmf-dist/tex/generic/pgf/math/pgfmathutil.code.tex) (/usr/local/texlive/2018/texmf-dist/tex/generic/pgf/math/pgfmathparser.code.tex
\pgfmath@dimen=\dimen133
\pgfmath@count=\count114
\pgfmath@box=\box29
\pgfmath@toks=\toks35
\pgfmath@stack@operand=\toks36
\pgfmath@stack@operation=\toks37
) (/usr/local/texlive/2018/texmf-dist/tex/generic/pgf/math/pgfmathfunctions.code.tex (/usr/local/texlive/2018/texmf-dist/tex/generic/pgf/math/pgfmathfunctions.basic.code.tex) (/usr/local/texlive/2018/texmf-dist/tex/generic/pgf/math/pgfmathfunctions.trigonometric.code.tex) (/usr/local/texlive/2018/texmf-dist/tex/generic/pgf/math/pgfmathfunctions.random.code.tex) (/usr/local/texlive/2018/texmf-dist/tex/generic/pgf/math/pgfmathfunctions.comparison.code.tex) (/usr/local/texlive/2018/texmf-dist/tex/generic/pgf/math/pgfmathfunctions.base.code.tex) (/usr/local/texlive/2018/texmf-dist/tex/generic/pgf/math/pgfmathfunctions.round.code.tex) (/usr/local/texlive/2018/texmf-dist/tex/generic/pgf/math/pgfmathfunctions.misc.code.tex) (/usr/local/texlive/2018/texmf-dist/tex/generic/pgf/math/pgfmathfunctions.integerarithmetics.code.tex))) (/usr/local/texlive/2018/texmf-dist/tex/generic/pgf/math/pgfmathfloat.code.tex
\c@pgfmathroundto@lastzeros=\count115
)) (/usr/local/texlive/2018/texmf-dist/tex/generic/pgf/basiclayer/pgfcorepoints.code.tex
File: pgfcorepoints.code.tex 2013/10/07  (rcs-revision 1.27)
\pgf@picminx=\dimen134
\pgf@picmaxx=\dimen135
\pgf@picminy=\dimen136
\pgf@picmaxy=\dimen137
\pgf@pathminx=\dimen138
\pgf@pathmaxx=\dimen139
\pgf@pathminy=\dimen140
\pgf@pathmaxy=\dimen141
\pgf@xx=\dimen142
\pgf@xy=\dimen143
\pgf@yx=\dimen144
\pgf@yy=\dimen145
\pgf@zx=\dimen146
\pgf@zy=\dimen147
) (/usr/local/texlive/2018/texmf-dist/tex/generic/pgf/basiclayer/pgfcorepathconstruct.code.tex
File: pgfcorepathconstruct.code.tex 2013/10/07  (rcs-revision 1.29)
\pgf@path@lastx=\dimen148
\pgf@path@lasty=\dimen149
) (/usr/local/texlive/2018/texmf-dist/tex/generic/pgf/basiclayer/pgfcorepathusage.code.tex
File: pgfcorepathusage.code.tex 2014/11/02  (rcs-revision 1.24)
\pgf@shorten@end@additional=\dimen150
\pgf@shorten@start@additional=\dimen151
) (/usr/local/texlive/2018/texmf-dist/tex/generic/pgf/basiclayer/pgfcorescopes.code.tex
File: pgfcorescopes.code.tex 2015/05/08  (rcs-revision 1.46)
\pgfpic=\box30
\pgf@hbox=\box31
\pgf@layerbox@main=\box32
\pgf@picture@serial@count=\count116
) (/usr/local/texlive/2018/texmf-dist/tex/generic/pgf/basiclayer/pgfcoregraphicstate.code.tex
File: pgfcoregraphicstate.code.tex 2014/11/02  (rcs-revision 1.12)
\pgflinewidth=\dimen152
) (/usr/local/texlive/2018/texmf-dist/tex/generic/pgf/basiclayer/pgfcoretransformations.code.tex
File: pgfcoretransformations.code.tex 2015/08/07  (rcs-revision 1.20)
\pgf@pt@x=\dimen153
\pgf@pt@y=\dimen154
\pgf@pt@temp=\dimen155
) (/usr/local/texlive/2018/texmf-dist/tex/generic/pgf/basiclayer/pgfcorequick.code.tex
File: pgfcorequick.code.tex 2008/10/09  (rcs-revision 1.3)
) (/usr/local/texlive/2018/texmf-dist/tex/generic/pgf/basiclayer/pgfcoreobjects.code.tex
File: pgfcoreobjects.code.tex 2006/10/11  (rcs-revision 1.2)
) (/usr/local/texlive/2018/texmf-dist/tex/generic/pgf/basiclayer/pgfcorepathprocessing.code.tex
File: pgfcorepathprocessing.code.tex 2013/09/09  (rcs-revision 1.9)
) (/usr/local/texlive/2018/texmf-dist/tex/generic/pgf/basiclayer/pgfcorearrows.code.tex
File: pgfcorearrows.code.tex 2015/05/14  (rcs-revision 1.43)
\pgfarrowsep=\dimen156
) (/usr/local/texlive/2018/texmf-dist/tex/generic/pgf/basiclayer/pgfcoreshade.code.tex
File: pgfcoreshade.code.tex 2013/07/15  (rcs-revision 1.15)
\pgf@max=\dimen157
\pgf@sys@shading@range@num=\count117
) (/usr/local/texlive/2018/texmf-dist/tex/generic/pgf/basiclayer/pgfcoreimage.code.tex
File: pgfcoreimage.code.tex 2013/07/15  (rcs-revision 1.18)
 (/usr/local/texlive/2018/texmf-dist/tex/generic/pgf/basiclayer/pgfcoreexternal.code.tex
File: pgfcoreexternal.code.tex 2014/07/09  (rcs-revision 1.21)
\pgfexternal@startupbox=\box33
)) (/usr/local/texlive/2018/texmf-dist/tex/generic/pgf/basiclayer/pgfcorelayers.code.tex
File: pgfcorelayers.code.tex 2013/07/18  (rcs-revision 1.7)
) (/usr/local/texlive/2018/texmf-dist/tex/generic/pgf/basiclayer/pgfcoretransparency.code.tex
File: pgfcoretransparency.code.tex 2013/09/30  (rcs-revision 1.5)
) (/usr/local/texlive/2018/texmf-dist/tex/generic/pgf/basiclayer/pgfcorepatterns.code.tex
File: pgfcorepatterns.code.tex 2013/11/07  (rcs-revision 1.5)
))) (/usr/local/texlive/2018/texmf-dist/tex/generic/pgf/modules/pgfmoduleshapes.code.tex
File: pgfmoduleshapes.code.tex 2014/03/21  (rcs-revision 1.35)
\pgfnodeparttextbox=\box34
) (/usr/local/texlive/2018/texmf-dist/tex/generic/pgf/modules/pgfmoduleplot.code.tex
File: pgfmoduleplot.code.tex 2015/08/03  (rcs-revision 1.13)
) (/usr/local/texlive/2018/texmf-dist/tex/latex/pgf/compatibility/pgfcomp-version-0-65.sty
Package: pgfcomp-version-0-65 2007/07/03 v3.0.1a (rcs-revision 1.7)
\pgf@nodesepstart=\dimen158
\pgf@nodesepend=\dimen159
) (/usr/local/texlive/2018/texmf-dist/tex/latex/pgf/compatibility/pgfcomp-version-1-18.sty
Package: pgfcomp-version-1-18 2007/07/23 v3.0.1a (rcs-revision 1.1)
)) (/usr/local/texlive/2018/texmf-dist/tex/latex/pgf/utilities/pgffor.sty (/usr/local/texlive/2018/texmf-dist/tex/latex/pgf/utilities/pgfkeys.sty (/usr/local/texlive/2018/texmf-dist/tex/generic/pgf/utilities/pgfkeys.code.tex)) (/usr/local/texlive/2018/texmf-dist/tex/latex/pgf/math/pgfmath.sty (/usr/local/texlive/2018/texmf-dist/tex/generic/pgf/math/pgfmath.code.tex)) (/usr/local/texlive/2018/texmf-dist/tex/generic/pgf/utilities/pgffor.code.tex
Package: pgffor 2013/12/13 v3.0.1a (rcs-revision 1.25)
 (/usr/local/texlive/2018/texmf-dist/tex/generic/pgf/math/pgfmath.code.tex)
\pgffor@iter=\dimen160
\pgffor@skip=\dimen161
\pgffor@stack=\toks38
\pgffor@toks=\toks39
)) (/usr/local/texlive/2018/texmf-dist/tex/generic/pgf/frontendlayer/tikz/tikz.code.tex
Package: tikz 2015/08/07 v3.0.1a (rcs-revision 1.151)
 (/usr/local/texlive/2018/texmf-dist/tex/generic/pgf/libraries/pgflibraryplothandlers.code.tex
File: pgflibraryplothandlers.code.tex 2013/08/31 v3.0.1a (rcs-revision 1.20)
\pgf@plot@mark@count=\count118
\pgfplotmarksize=\dimen162
)
\tikz@lastx=\dimen163
\tikz@lasty=\dimen164
\tikz@lastxsaved=\dimen165
\tikz@lastysaved=\dimen166
\tikzleveldistance=\dimen167
\tikzsiblingdistance=\dimen168
\tikz@figbox=\box35
\tikz@figbox@bg=\box36
\tikz@tempbox=\box37
\tikz@tempbox@bg=\box38
\tikztreelevel=\count119
\tikznumberofchildren=\count120
\tikznumberofcurrentchild=\count121
\tikz@fig@count=\count122
 (/usr/local/texlive/2018/texmf-dist/tex/generic/pgf/modules/pgfmodulematrix.code.tex
File: pgfmodulematrix.code.tex 2013/09/17  (rcs-revision 1.8)
\pgfmatrixcurrentrow=\count123
\pgfmatrixcurrentcolumn=\count124
\pgf@matrix@numberofcolumns=\count125
)
\tikz@expandcount=\count126
 (/usr/local/texlive/2018/texmf-dist/tex/generic/pgf/frontendlayer/tikz/libraries/tikzlibrarytopaths.code.tex
File: tikzlibrarytopaths.code.tex 2008/06/17 v3.0.1a (rcs-revision 1.2)
))) (/usr/local/texlive/2018/texmf-dist/tex/generic/pgf/frontendlayer/tikz/libraries/tikzlibrarypositioning.code.tex
File: tikzlibrarypositioning.code.tex 2008/10/06 v3.0.1a (rcs-revision 1.7)
) (/usr/local/texlive/2018/texmf-dist/tex/latex/tools/calc.sty
Package: calc 2017/05/25 v4.3 Infix arithmetic (KKT,FJ)
\calc@Acount=\count127
\calc@Bcount=\count128
\calc@Adimen=\dimen169
\calc@Bdimen=\dimen170
\calc@Askip=\skip48
\calc@Bskip=\skip49
LaTeX Info: Redefining \setlength on input line 80.
LaTeX Info: Redefining \addtolength on input line 81.
\calc@Ccount=\count129
\calc@Cskip=\skip50
)
<<<<<<< HEAD
\c@@todonotes@numberoftodonotes=\count130
) (/usr/local/texlive/2018/texmf-dist/tex/latex/hyperref/hyperref.sty
Package: hyperref 2018/02/06 v6.86b Hypertext links for LaTeX
 (/usr/local/texlive/2018/texmf-dist/tex/generic/oberdiek/hobsub-hyperref.sty
Package: hobsub-hyperref 2016/05/16 v1.14 Bundle oberdiek, subset hyperref (HO)
 (/usr/local/texlive/2018/texmf-dist/tex/generic/oberdiek/hobsub-generic.sty
Package: hobsub-generic 2016/05/16 v1.14 Bundle oberdiek, subset generic (HO)
Package: hobsub 2016/05/16 v1.14 Construct package bundles (HO)
Package: infwarerr 2016/05/16 v1.4 Providing info/warning/error messages (HO)
Package: ltxcmds 2016/05/16 v1.23 LaTeX kernel commands for general use (HO)
Package: ifluatex 2016/05/16 v1.4 Provides the ifluatex switch (HO)
=======
\c@@todonotes@numberoftodonotes=\count129
)
(/usr/share/texlive/texmf-dist/tex/latex/hyperref/hyperref.sty
Package: hyperref 2012/11/06 v6.83m Hypertext links for LaTeX

(/usr/share/texlive/texmf-dist/tex/generic/oberdiek/hobsub-hyperref.sty
Package: hobsub-hyperref 2012/05/28 v1.13 Bundle oberdiek, subset hyperref (HO)


(/usr/share/texlive/texmf-dist/tex/generic/oberdiek/hobsub-generic.sty
Package: hobsub-generic 2012/05/28 v1.13 Bundle oberdiek, subset generic (HO)
Package: hobsub 2012/05/28 v1.13 Construct package bundles (HO)
Package hobsub Info: Skipping package `infwarerr' (already loaded).
Package hobsub Info: Skipping package `ltxcmds' (already loaded).
Package: ifluatex 2010/03/01 v1.3 Provides the ifluatex switch (HO)
>>>>>>> ec49b598f1b419e06643ed41352148c9d89ea7f5
Package ifluatex Info: LuaTeX not detected.
Package hobsub Info: Skipping package `ifvtex' (already loaded).
Package: intcalc 2016/05/16 v1.2 Expandable calculations with integers (HO)
Package hobsub Info: Skipping package `ifpdf' (already loaded).
Package: etexcmds 2016/05/16 v1.6 Avoid name clashes with e-TeX commands (HO)
Package etexcmds Info: Could not find \expanded.
(etexcmds)             That can mean that you are not using pdfTeX 1.50 or
(etexcmds)             that some package has redefined \expanded.
(etexcmds)             In the latter case, load this package earlier.
Package: kvsetkeys 2016/05/16 v1.17 Key value parser (HO)
Package: kvdefinekeys 2016/05/16 v1.4 Define keys (HO)
Package: pdftexcmds 2018/01/30 v0.27 Utility functions of pdfTeX for LuaTeX (HO)
Package pdftexcmds Info: LuaTeX not detected.
Package pdftexcmds Info: \pdf@primitive is available.
Package pdftexcmds Info: \pdf@ifprimitive is available.
Package pdftexcmds Info: \pdfdraftmode found.
<<<<<<< HEAD
Package: pdfescape 2016/05/16 v1.14 Implements pdfTeX's escape features (HO)
Package: bigintcalc 2016/05/16 v1.4 Expandable calculations on big integers (HO)
Package: bitset 2016/05/16 v1.2 Handle bit-vector datatype (HO)
Package: uniquecounter 2016/05/16 v1.3 Provide unlimited unique counter (HO)
=======
Package: pdfescape 2011/11/25 v1.13 Implements pdfTeX's escape features (HO)
Package: bigintcalc 2012/04/08 v1.3 Expandable calculations on big integers (HO
)
Package: bitset 2011/01/30 v1.1 Handle bit-vector datatype (HO)
Package: uniquecounter 2011/01/30 v1.2 Provide unlimited unique counter (HO)
>>>>>>> ec49b598f1b419e06643ed41352148c9d89ea7f5
)
Package hobsub Info: Skipping package `hobsub' (already loaded).
Package: letltxmacro 2016/05/16 v1.5 Let assignment for LaTeX macros (HO)
Package: hopatch 2016/05/16 v1.3 Wrapper for package hooks (HO)
Package: xcolor-patch 2016/05/16 xcolor patch
Package: atveryend 2016/05/16 v1.9 Hooks at the very end of document (HO)
Package atveryend Info: \enddocument detected (standard20110627).
Package: atbegshi 2016/06/09 v1.18 At begin shipout hook (HO)
Package: refcount 2016/05/16 v3.5 Data extraction from label references (HO)
Package: hycolor 2016/05/16 v1.8 Color options for hyperref/bookmark (HO)
) (/usr/local/texlive/2018/texmf-dist/tex/latex/oberdiek/auxhook.sty
Package: auxhook 2016/05/16 v1.4 Hooks for auxiliary files (HO)
) (/usr/local/texlive/2018/texmf-dist/tex/latex/oberdiek/kvoptions.sty
Package: kvoptions 2016/05/16 v3.12 Key value format for package options (HO)
)
\@linkdim=\dimen171
\Hy@linkcounter=\count131
\Hy@pagecounter=\count132
 (/usr/local/texlive/2018/texmf-dist/tex/latex/hyperref/pd1enc.def
File: pd1enc.def 2018/02/06 v6.86b Hyperref: PDFDocEncoding definition (HO)
)
\Hy@SavedSpaceFactor=\count133
 (/usr/local/texlive/2018/texmf-dist/tex/latex/latexconfig/hyperref.cfg
File: hyperref.cfg 2002/06/06 v1.2 hyperref configuration of TeXLive
)
Package hyperref Info: Option `colorlinks' set `true' on input line 4383.
Package hyperref Info: Hyper figures OFF on input line 4509.
Package hyperref Info: Link nesting OFF on input line 4514.
Package hyperref Info: Hyper index ON on input line 4517.
Package hyperref Info: Plain pages OFF on input line 4524.
Package hyperref Info: Backreferencing OFF on input line 4529.
Package hyperref Info: Implicit mode ON; LaTeX internals redefined.
Package hyperref Info: Bookmarks ON on input line 4762.
\c@Hy@tempcnt=\count134
 (/usr/local/texlive/2018/texmf-dist/tex/latex/url/url.sty
\Urlmuskip=\muskip11
Package: url 2013/09/16  ver 3.4  Verb mode for urls, etc.
)
LaTeX Info: Redefining \url on input line 5115.
\XeTeXLinkMargin=\dimen172
\Fld@menulength=\count135
\Field@Width=\dimen173
\Fld@charsize=\dimen174
<<<<<<< HEAD
Package hyperref Info: Hyper figures OFF on input line 6369.
Package hyperref Info: Link nesting OFF on input line 6374.
Package hyperref Info: Hyper index ON on input line 6377.
Package hyperref Info: backreferencing OFF on input line 6384.
Package hyperref Info: Link coloring ON on input line 6387.
Package hyperref Info: Link coloring with OCG OFF on input line 6394.
Package hyperref Info: PDF/A mode OFF on input line 6399.
LaTeX Info: Redefining \ref on input line 6439.
LaTeX Info: Redefining \pageref on input line 6443.
\Hy@abspage=\count136
\c@Item=\count137
\c@Hfootnote=\count138
)
Package hyperref Info: Driver (autodetected): hpdftex.
 (/usr/local/texlive/2018/texmf-dist/tex/latex/hyperref/hpdftex.def
File: hpdftex.def 2018/02/06 v6.86b Hyperref driver for pdfTeX
\Fld@listcount=\count139
\c@bookmark@seq@number=\count140
 (/usr/local/texlive/2018/texmf-dist/tex/latex/oberdiek/rerunfilecheck.sty
Package: rerunfilecheck 2016/05/16 v1.8 Rerun checks for auxiliary files (HO)
Package uniquecounter Info: New unique counter `rerunfilecheck' on input line 282.
)
\Hy@SectionHShift=\skip51
) (/usr/local/texlive/2018/texmf-dist/tex/latex/soul/soul.sty
=======
Package hyperref Info: Hyper figures OFF on input line 6295.
Package hyperref Info: Link nesting OFF on input line 6300.
Package hyperref Info: Hyper index ON on input line 6303.
Package hyperref Info: backreferencing OFF on input line 6310.
Package hyperref Info: Link coloring ON on input line 6313.
Package hyperref Info: Link coloring with OCG OFF on input line 6320.
Package hyperref Info: PDF/A mode OFF on input line 6325.
LaTeX Info: Redefining \ref on input line 6365.
LaTeX Info: Redefining \pageref on input line 6369.
\Hy@abspage=\count135
\c@Item=\count136
\c@Hfootnote=\count137
)

Package hyperref Message: Driver (autodetected): hpdftex.

(/usr/share/texlive/texmf-dist/tex/latex/hyperref/hpdftex.def
File: hpdftex.def 2012/11/06 v6.83m Hyperref driver for pdfTeX
\Fld@listcount=\count138
\c@bookmark@seq@number=\count139

(/usr/share/texlive/texmf-dist/tex/latex/oberdiek/rerunfilecheck.sty
Package: rerunfilecheck 2011/04/15 v1.7 Rerun checks for auxiliary files (HO)
Package uniquecounter Info: New unique counter `rerunfilecheck' on input line 2
82.
)
\Hy@SectionHShift=\skip51
)
(/usr/share/texlive/texmf-dist/tex/latex/soul/soul.sty
>>>>>>> ec49b598f1b419e06643ed41352148c9d89ea7f5
Package: soul 2003/11/17 v2.4 letterspacing/underlining (mf)
\SOUL@word=\toks40
\SOUL@lasttoken=\toks41
\SOUL@cmds=\toks42
\SOUL@buffer=\toks43
\SOUL@token=\toks44
\SOUL@spaceskip=\skip52
\SOUL@ttwidth=\dimen175
\SOUL@uldp=\dimen176
\SOUL@ulht=\dimen177
) (/usr/local/texlive/2018/texmf-dist/tex/latex/floatrow/floatrow.sty
Package: floatrow 2008/08/02 v0.3b floatrow: float package extension
 (/usr/local/texlive/2018/texmf-dist/tex/latex/caption/caption3.sty
Package: caption3 2016/05/22 v1.7-166 caption3 kernel (AR)
Package caption3 Info: TeX engine: e-TeX on input line 67.
\captionmargin=\dimen178
\captionmargin@=\dimen179
\captionwidth=\dimen180
\caption@tempdima=\dimen181
\caption@indent=\dimen182
\caption@parindent=\dimen183
\caption@hangindent=\dimen184
)
<<<<<<< HEAD
\c@float@type=\count141
=======
\c@float@type=\count140
>>>>>>> ec49b598f1b419e06643ed41352148c9d89ea7f5
\float@exts=\toks45
\float@box=\box39
\@floatcapt=\box40
Package floatrow Info: Modified float package code loaded on input line 455.
Package floatrow Info: Modified rotfloat package code loaded on input line 473.
<<<<<<< HEAD
=======

>>>>>>> ec49b598f1b419e06643ed41352148c9d89ea7f5
\FR@everyfloat=\toks46
\flrow@foot=\insert199
\FB@wd=\dimen185
\FBo@wd=\dimen186
\FBc@wd=\dimen187
\FBo@ht=\skip53
\FBc@ht=\skip54
\FBf@ht=\skip55
\FBo@max=\skip56
\FBc@max=\skip57
\FBf@max=\skip58
\c@FBl@b=\count141
\floatbox@depth=\count142
\c@FRobj=\count143
\c@FRsobj=\count144
\Xhsize=\skip59
\sXhsize=\skip60
\Zhsize=\skip61
\sZhsize=\skip62
\flrow@rowbox=\box41
\FR@Zunitlength=\dimen188
\c@FBcnt=\count145
\FPOScnt=\count146
\LTleft=\skip63
\LTright=\skip64
\LTleft=\skip65
\LTright=\skip66
\flrow@types=\toks47
<<<<<<< HEAD
) (/usr/local/texlive/2018/texmf-dist/tex/latex/etoolbox/etoolbox.sty
Package: etoolbox 2018/02/11 v2.5e e-TeX tools for LaTeX (JAW)
\etb@tempcnta=\count148
) (/Users/lpzme/work/why_deconvolve/main.aux)
=======
)
(/usr/share/texlive/texmf-dist/tex/latex/etoolbox/etoolbox.sty
Package: etoolbox 2015/08/02 v2.2a e-TeX tools for LaTeX (JAW)
\etb@tempcnta=\count147
) (./main.aux)
>>>>>>> ec49b598f1b419e06643ed41352148c9d89ea7f5
\openout1 = `main.aux'.

LaTeX Font Info:    Checking defaults for OML/cmm/m/it on input line 50.
LaTeX Font Info:    ... okay on input line 50.
LaTeX Font Info:    Checking defaults for T1/cmr/m/n on input line 50.
LaTeX Font Info:    ... okay on input line 50.
LaTeX Font Info:    Checking defaults for OT1/cmr/m/n on input line 50.
LaTeX Font Info:    ... okay on input line 50.
LaTeX Font Info:    Checking defaults for OMS/cmsy/m/n on input line 50.
LaTeX Font Info:    ... okay on input line 50.
LaTeX Font Info:    Checking defaults for OMX/cmex/m/n on input line 50.
LaTeX Font Info:    ... okay on input line 50.
LaTeX Font Info:    Checking defaults for U/cmr/m/n on input line 50.
LaTeX Font Info:    ... okay on input line 50.
LaTeX Font Info:    Checking defaults for PD1/pdf/m/n on input line 50.
LaTeX Font Info:    ... okay on input line 50.
LaTeX Font Info:    Try loading font information for T1+phv on input line 50.
<<<<<<< HEAD
 (/usr/local/texlive/2018/texmf-dist/tex/latex/psnfss/t1phv.fd
=======

(/usr/share/texlive/texmf-dist/tex/latex/psnfss/t1phv.fd
>>>>>>> ec49b598f1b419e06643ed41352148c9d89ea7f5
File: t1phv.fd 2001/06/04 scalable font definitions for T1/phv.
) (/usr/local/texlive/2018/texmf-dist/tex/latex/ucs/ucsencs.def
File: ucsencs.def 2011/01/21 Fixes to fontencodings LGR, T3
)
*geometry* driver: auto-detecting
*geometry* detected driver: pdftex
*geometry* verbose mode - [ preamble ] result:
* driver: pdftex
* paper: a4paper
* layout: <same size as paper>
* layoutoffset:(h,v)=(0.0pt,0.0pt)
* modes: 
* h-part:(L,W,R)=(42.67912pt, 512.14963pt, 42.67912pt)
* v-part:(T,H,B)=(56.9055pt, 731.23584pt, 56.9055pt)
* \paperwidth=597.50787pt
* \paperheight=845.04684pt
* \textwidth=512.14963pt
* \textheight=731.23584pt
* \oddsidemargin=-29.59087pt
* \evensidemargin=-29.59087pt
* \topmargin=-52.36449pt
* \headheight=12.0pt
* \headsep=25.0pt
* \topskip=10.0pt
* \footskip=30.0pt
* \marginparwidth=49.79231pt
* \marginparsep=10.0pt
* \columnsep=10.0pt
* \skip\footins=9.0pt plus 4.0pt minus 2.0pt
* \hoffset=0.0pt
* \voffset=0.0pt
* \mag=1000
* \@twocolumntrue
* \@twosidefalse
* \@mparswitchfalse
* \@reversemarginfalse
* (1in=72.27pt=25.4mm, 1cm=28.453pt)

<<<<<<< HEAD
(/usr/local/texlive/2018/texmf-dist/tex/context/base/mkii/supp-pdf.mkii
[Loading MPS to PDF converter (version 2006.09.02).]
\scratchcounter=\count149
\scratchdimen=\dimen189
\scratchbox=\box42
\nofMPsegments=\count150
\nofMParguments=\count151
\everyMPshowfont=\toks48
\MPscratchCnt=\count152
\MPscratchDim=\dimen190
\MPnumerator=\count153
\makeMPintoPDFobject=\count154
\everyMPtoPDFconversion=\toks49
) (/usr/local/texlive/2018/texmf-dist/tex/latex/oberdiek/epstopdf-base.sty
Package: epstopdf-base 2016/05/15 v2.6 Base part for package epstopdf
 (/usr/local/texlive/2018/texmf-dist/tex/latex/oberdiek/grfext.sty
Package: grfext 2016/05/16 v1.2 Manage graphics extensions (HO)
)
Package epstopdf-base Info: Redefining graphics rule for `.eps' on input line 438.
Package grfext Info: Graphics extension search list:
(grfext)             [.pdf,.png,.jpg,.mps,.jpeg,.jbig2,.jb2,.PDF,.PNG,.JPG,.JPEG,.JBIG2,.JB2,.eps]
(grfext)             \AppendGraphicsExtensions on input line 456.
 (/usr/local/texlive/2018/texmf-dist/tex/latex/latexconfig/epstopdf-sys.cfg
File: epstopdf-sys.cfg 2010/07/13 v1.3 Configuration of (r)epstopdf for TeX Live
)) ABD: EveryShipout initializing macros
\AtBeginShipoutBox=\box43
Package hyperref Info: Link coloring ON on input line 50.
 (/usr/local/texlive/2018/texmf-dist/tex/latex/hyperref/nameref.sty
Package: nameref 2016/05/21 v2.44 Cross-referencing by name of section
 (/usr/local/texlive/2018/texmf-dist/tex/generic/oberdiek/gettitlestring.sty
Package: gettitlestring 2016/05/16 v1.5 Cleanup title references (HO)
)
\c@section@level=\count155
=======
(/usr/share/texlive/texmf-dist/tex/context/base/supp-pdf.mkii
[Loading MPS to PDF converter (version 2006.09.02).]
\scratchcounter=\count148
\scratchdimen=\dimen189
\scratchbox=\box42
\nofMPsegments=\count149
\nofMParguments=\count150
\everyMPshowfont=\toks48
\MPscratchCnt=\count151
\MPscratchDim=\dimen190
\MPnumerator=\count152
\makeMPintoPDFobject=\count153
\everyMPtoPDFconversion=\toks49
) (/usr/share/texlive/texmf-dist/tex/latex/oberdiek/epstopdf-base.sty
Package: epstopdf-base 2010/02/09 v2.5 Base part for package epstopdf

(/usr/share/texlive/texmf-dist/tex/latex/oberdiek/grfext.sty
Package: grfext 2010/08/19 v1.1 Manage graphics extensions (HO)
)
Package grfext Info: Graphics extension search list:
(grfext)             [.png,.pdf,.jpg,.mps,.jpeg,.jbig2,.jb2,.PNG,.PDF,.JPG,.JPE
G,.JBIG2,.JB2,.eps]
(grfext)             \AppendGraphicsExtensions on input line 452.

(/usr/share/texlive/texmf-dist/tex/latex/latexconfig/epstopdf-sys.cfg
File: epstopdf-sys.cfg 2010/07/13 v1.3 Configuration of (r)epstopdf for TeX Liv
e
))
ABD: EveryShipout initializing macros
\AtBeginShipoutBox=\box43
Package hyperref Info: Link coloring ON on input line 50.

(/usr/share/texlive/texmf-dist/tex/latex/hyperref/nameref.sty
Package: nameref 2012/10/27 v2.43 Cross-referencing by name of section

(/usr/share/texlive/texmf-dist/tex/generic/oberdiek/gettitlestring.sty
Package: gettitlestring 2010/12/03 v1.4 Cleanup title references (HO)
)
\c@section@level=\count154
>>>>>>> ec49b598f1b419e06643ed41352148c9d89ea7f5
)
LaTeX Info: Redefining \ref on input line 50.
LaTeX Info: Redefining \pageref on input line 50.
LaTeX Info: Redefining \nameref on input line 50.
<<<<<<< HEAD
 (/Users/lpzme/work/why_deconvolve/main.out) (/Users/lpzme/work/why_deconvolve/main.out)
=======

(./main.out) (./main.out)
>>>>>>> ec49b598f1b419e06643ed41352148c9d89ea7f5
\@outlinefile=\write4
\openout4 = `main.out'.

Package caption Info: Begin \AtBeginDocument code.
Package caption Info: End \AtBeginDocument code.
LaTeX Font Info:    Font shape `T1/phv/bx/n' in size <17.28> not available
(Font)              Font shape `T1/phv/b/n' tried instead on input line 52.
LaTeX Font Info:    Font shape `T1/phv/bx/n' in size <14.4> not available
(Font)              Font shape `T1/phv/b/n' tried instead on input line 53.
LaTeX Font Info:    Font shape `T1/phv/bx/n' in size <10> not available
(Font)              Font shape `T1/phv/b/n' tried instead on input line 60.
LaTeX Font Info:    Font shape `T1/phv/bx/n' in size <7> not available
(Font)              Font shape `T1/phv/b/n' tried instead on input line 60.

Underfull \hbox (badness 1107) in paragraph at lines 87--88
\T1/phv/m/n/10 in the speed, scale, and ac-cu-racy of de-con-vo-lu-tion
 []

<full_figs/why_deconvolve_F1.png, id=77, 438.1971pt x 351.2322pt>
File: full_figs/why_deconvolve_F1.png Graphic file (type png)
<<<<<<< HEAD
<use full_figs/why_deconvolve_F1.png>
Package pdftex.def Info: full_figs/why_deconvolve_F1.png  used on input line 136.
(pdftex.def)             Requested size: 307.2929pt x 413.15602pt.
LaTeX Font Info:    Font shape `T1/phv/m/it' in size <10> not available
(Font)              Font shape `T1/phv/m/sl' tried instead on input line 136.
(/usr/local/texlive/2018/texmf-dist/tex/latex/ucs/data/uni-32.def
=======

<use full_figs/why_deconvolve_F1.png>
Package pdftex.def Info: full_figs/why_deconvolve_F1.png used on input line 136
.
(pdftex.def)             Requested size: 307.2929pt x 413.15602pt.
LaTeX Font Info:    Font shape `T1/phv/m/it' in size <10> not available
(Font)              Font shape `T1/phv/m/sl' tried instead on input line 136.

(/usr/share/texlive/texmf-dist/tex/latex/ucs/data/uni-32.def
>>>>>>> ec49b598f1b419e06643ed41352148c9d89ea7f5
File: uni-32.def 2013/05/13 UCS: Unicode data U+2000..U+20FF
)
Underfull \hbox (badness 1163) in paragraph at lines 136--136
\T1/phv/m/n/10 Ground truth data col-lec-tion ex-am-ple from
 []

File: full_figs/why_deconvolve_F1.png Graphic file (type png)
<use full_figs/why_deconvolve_F1.png>
<<<<<<< HEAD
Package pdftex.def Info: full_figs/why_deconvolve_F1.png  used on input line 136.
=======
Package pdftex.def Info: full_figs/why_deconvolve_F1.png used on input line 136
.
>>>>>>> ec49b598f1b419e06643ed41352148c9d89ea7f5
(pdftex.def)             Requested size: 307.2929pt x 413.15602pt.

Underfull \hbox (badness 1163) in paragraph at lines 136--136
\T1/phv/m/n/10 Ground truth data col-lec-tion ex-am-ple from
 []

File: full_figs/why_deconvolve_F1.png Graphic file (type png)
<use full_figs/why_deconvolve_F1.png>
<<<<<<< HEAD
Package pdftex.def Info: full_figs/why_deconvolve_F1.png  used on input line 136.
=======
Package pdftex.def Info: full_figs/why_deconvolve_F1.png used on input line 136
.
>>>>>>> ec49b598f1b419e06643ed41352148c9d89ea7f5
(pdftex.def)             Requested size: 307.2929pt x 413.15602pt.

Underfull \hbox (badness 1163) in paragraph at lines 136--136
\T1/phv/m/n/10 Ground truth data col-lec-tion ex-am-ple from
 []


Overfull \hbox (9.99998pt too wide) detected at line 136
 [] 
 []

<full_figs/why_deconvolve_F1_2.png, id=171, 276.7941pt x 181.6386pt>
File: full_figs/why_deconvolve_F1_2.png Graphic file (type png)
<<<<<<< HEAD
<use full_figs/why_deconvolve_F1_2.png>
Package pdftex.def Info: full_figs/why_deconvolve_F1_2.png  used on input line 145.
(pdftex.def)             Requested size: 307.2929pt x 221.76503pt.
File: full_figs/why_deconvolve_F1_2.png Graphic file (type png)
<use full_figs/why_deconvolve_F1_2.png>
Package pdftex.def Info: full_figs/why_deconvolve_F1_2.png  used on input line 145.
(pdftex.def)             Requested size: 307.2929pt x 221.76503pt.
File: full_figs/why_deconvolve_F1_2.png Graphic file (type png)
<use full_figs/why_deconvolve_F1_2.png>
Package pdftex.def Info: full_figs/why_deconvolve_F1_2.png  used on input line 145.
=======

<use full_figs/why_deconvolve_F1_2.png>
Package pdftex.def Info: full_figs/why_deconvolve_F1_2.png used on input line 1
45.
(pdftex.def)             Requested size: 307.2929pt x 221.76503pt.
File: full_figs/why_deconvolve_F1_2.png Graphic file (type png)

<use full_figs/why_deconvolve_F1_2.png>
Package pdftex.def Info: full_figs/why_deconvolve_F1_2.png used on input line 1
45.
(pdftex.def)             Requested size: 307.2929pt x 221.76503pt.
File: full_figs/why_deconvolve_F1_2.png Graphic file (type png)

<use full_figs/why_deconvolve_F1_2.png>
Package pdftex.def Info: full_figs/why_deconvolve_F1_2.png used on input line 1
45.
>>>>>>> ec49b598f1b419e06643ed41352148c9d89ea7f5
(pdftex.def)             Requested size: 307.2929pt x 221.76503pt.

Overfull \hbox (9.99998pt too wide) detected at line 145
 [] 
 []

LaTeX Font Info:    Font shape `T1/phv/bx/n' in size <12> not available
(Font)              Font shape `T1/phv/b/n' tried instead on input line 151.
LaTeX Font Info:    Try loading font information for T1+cmtt on input line 167.
<<<<<<< HEAD
(/usr/local/texlive/2018/texmf-dist/tex/latex/base/t1cmtt.fd
File: t1cmtt.fd 2014/09/29 v2.5h Standard LaTeX font definitions
) [1{/usr/local/texlive/2018/texmf-var/fonts/map/pdftex/updmap/pdftex.map}


] [2 </Users/lpzme/work/why_deconvolve/full_figs/why_deconvolve_F1.png (PNG copy)> </Users/lpzme/work/why_deconvolve/full_figs/why_deconvolve_F1_2.png (PNG copy)>]
<full_figs/why_deconvolve_F1_3.png, id=251, 249.8133pt x 98.5281pt>
File: full_figs/why_deconvolve_F1_3.png Graphic file (type png)
<use full_figs/why_deconvolve_F1_3.png>
Package pdftex.def Info: full_figs/why_deconvolve_F1_3.png  used on input line 205.
(pdftex.def)             Requested size: 251.07481pt x 99.02547pt.
 [3 </Users/lpzme/work/why_deconvolve/full_figs/why_deconvolve_F1_3.png (PNG copy)>]
<full_figs/why_deconvolve_F1_4_colours.png, id=272, 245.9589pt x 242.3454pt>
File: full_figs/why_deconvolve_F1_4_colours.png Graphic file (type png)
<use full_figs/why_deconvolve_F1_4_colours.png>
Package pdftex.def Info: full_figs/why_deconvolve_F1_4_colours.png  used on input line 213.
(pdftex.def)             Requested size: 251.07481pt x 247.38872pt.

Underfull \hbox (badness 1033) in paragraph at lines 215--215
\T1/phv/m/n/10 changes in anal-y-sis pa-ram-e-ters. (a) For each cell
 []
=======

(/usr/share/texlive/texmf-dist/tex/latex/base/t1cmtt.fd
File: t1cmtt.fd 2014/09/29 v2.5h Standard LaTeX font definitions
) [1{/var/lib/texmf/fonts/map/pdftex/updmap/pdftex.map}


] [2 <./full_figs/why_deconvolve_F1.png (PNG copy)> <./full_figs/why_deconvolve
_F1_2.png (PNG copy)>]
<full_figs/why_deconvolve_F1_3.png, id=251, 249.8133pt x 98.5281pt>
File: full_figs/why_deconvolve_F1_3.png Graphic file (type png)
>>>>>>> ec49b598f1b419e06643ed41352148c9d89ea7f5

<use full_figs/why_deconvolve_F1_3.png>
Package pdftex.def Info: full_figs/why_deconvolve_F1_3.png used on input line 2
05.
(pdftex.def)             Requested size: 251.07481pt x 99.02547pt.
 [3 <./full_figs/why_deconvolve_F1_3.png (PNG copy)>]
<full_figs/why_deconvolve_F1_4_colours.png, id=272, 245.9589pt x 242.3454pt>
File: full_figs/why_deconvolve_F1_4_colours.png Graphic file (type png)

<<<<<<< HEAD
=======
<use full_figs/why_deconvolve_F1_4_colours.png>
Package pdftex.def Info: full_figs/why_deconvolve_F1_4_colours.png used on inpu
t line 213.
(pdftex.def)             Requested size: 251.07481pt x 247.38872pt.

Underfull \hbox (badness 1033) in paragraph at lines 215--215
\T1/phv/m/n/10 changes in anal-y-sis pa-ram-e-ters. (a) For each cell
 []


>>>>>>> ec49b598f1b419e06643ed41352148c9d89ea7f5
Underfull \hbox (badness 2158) in paragraph at lines 218--220
[]\T1/phv/m/n/10 Together, these re-sults show that mod-ern spike-
 []


Underfull \hbox (badness 6995) in paragraph at lines 222--222
[]\T1/phv/b/n/12 Spike in-fer-ence and de-con-vo-lu-tion
 []

<full_figs/why_deconvolve_F2.png, id=283, 280.4076pt x 521.3076pt>
File: full_figs/why_deconvolve_F2.png Graphic file (type png)
<<<<<<< HEAD
<use full_figs/why_deconvolve_F2.png>
Package pdftex.def Info: full_figs/why_deconvolve_F2.png  used on input line 229.
(pdftex.def)             Requested size: 225.96579pt x 420.09322pt.
[4 </Users/lpzme/work/why_deconvolve/full_figs/why_deconvolve_F1_4_colours.png (PNG copy)> </Users/lpzme/work/why_deconvolve/full_figs/why_deconvolve_F2.png (PNG copy)>]
<full_figs/why_deconvolve_F3_3.png, id=305, 554.5518pt x 412.6617pt>
File: full_figs/why_deconvolve_F3_3.png Graphic file (type png)
<use full_figs/why_deconvolve_F3_3.png>
Package pdftex.def Info: full_figs/why_deconvolve_F3_3.png  used on input line 246.
(pdftex.def)             Requested size: 512.14963pt x 325.92339pt.
<full_figs/why_deconvolve_F4_3.png, id=318, 250.0542pt x 393.8715pt>
File: full_figs/why_deconvolve_F4_3.png Graphic file (type png)
<use full_figs/why_deconvolve_F4_3.png>
Package pdftex.def Info: full_figs/why_deconvolve_F4_3.png  used on input line 298.
(pdftex.def)             Requested size: 251.07481pt x 395.48721pt.
<full_figs/why_deconvolve_F5_2.png, id=329, 251.2587pt x 276.3123pt>
File: full_figs/why_deconvolve_F5_2.png Graphic file (type png)
<use full_figs/why_deconvolve_F5_2.png>
Package pdftex.def Info: full_figs/why_deconvolve_F5_2.png  used on input line 323.
(pdftex.def)             Requested size: 251.07481pt x 276.11766pt.
 [5] [6 </Users/lpzme/work/why_deconvolve/full_figs/why_deconvolve_F3_3.png (PNG copy)>] [7 </Users/lpzme/work/why_deconvolve/full_figs/why_deconvolve_F4_3.png (PNG copy)> </Users/lpzme/work/why_deconvolve/full_figs/why_deconvolve_F5_2.png (PNG copy)>]
Underfull \hbox (badness 10000) in paragraph at lines 344--345

=======

<use full_figs/why_deconvolve_F2.png>
Package pdftex.def Info: full_figs/why_deconvolve_F2.png used on input line 229
.
(pdftex.def)             Requested size: 225.96579pt x 420.09322pt.
 [4 <./full_figs/why_deconvolve_F1_4_colours.png (PNG copy)> <./full_figs/why_d
econvolve_F2.png (PNG copy)>]
<full_figs/why_deconvolve_F3_3.png, id=305, 554.5518pt x 412.6617pt>
File: full_figs/why_deconvolve_F3_3.png Graphic file (type png)

<use full_figs/why_deconvolve_F3_3.png>
Package pdftex.def Info: full_figs/why_deconvolve_F3_3.png used on input line 2
46.
(pdftex.def)             Requested size: 512.14963pt x 325.92339pt.

Underfull \vbox (badness 10000) has occurred while \output is active []


<full_figs/why_deconvolve_F4_3.png, id=318, 250.0542pt x 393.8715pt>
File: full_figs/why_deconvolve_F4_3.png Graphic file (type png)

<use full_figs/why_deconvolve_F4_3.png>
Package pdftex.def Info: full_figs/why_deconvolve_F4_3.png used on input line 2
98.
(pdftex.def)             Requested size: 251.07481pt x 395.48721pt.

<full_figs/why_deconvolve_F5_2.png, id=329, 251.2587pt x 276.3123pt>
File: full_figs/why_deconvolve_F5_2.png Graphic file (type png)

<use full_figs/why_deconvolve_F5_2.png>
Package pdftex.def Info: full_figs/why_deconvolve_F5_2.png used on input line 3
23.
(pdftex.def)             Requested size: 251.07481pt x 276.11766pt.

Underfull \vbox (badness 10000) has occurred while \output is active []

 [5]
[6 <./full_figs/why_deconvolve_F3_3.png (PNG copy)>] [7 <./full_figs/why_deconv
olve_F4_3.png (PNG copy)> <./full_figs/why_deconvolve_F5_2.png (PNG copy)>]
Underfull \hbox (badness 10000) in paragraph at lines 344--345

 []

<full_figs/why_deconvolve_F6_3.png, id=356, 253.1859pt x 122.859pt>
File: full_figs/why_deconvolve_F6_3.png Graphic file (type png)

<use full_figs/why_deconvolve_F6_3.png>
Package pdftex.def Info: full_figs/why_deconvolve_F6_3.png used on input line 3
49.
(pdftex.def)             Requested size: 251.07481pt x 121.84071pt.

Underfull \hbox (badness 10000) in paragraph at lines 425--427

 []


Underfull \hbox (badness 6268) in paragraph at lines 428--434
[]\T1/phv/m/sl/10 Interpretation (SPEC-U-LA-TIVE - DIS-CUSS WITH
>>>>>>> ec49b598f1b419e06643ed41352148c9d89ea7f5
 []

<full_figs/why_deconvolve_F6_3.png, id=357, 253.1859pt x 122.859pt>
File: full_figs/why_deconvolve_F6_3.png Graphic file (type png)
<use full_figs/why_deconvolve_F6_3.png>
Package pdftex.def Info: full_figs/why_deconvolve_F6_3.png  used on input line 349.
(pdftex.def)             Requested size: 251.07481pt x 121.84071pt.

<<<<<<< HEAD
Underfull \hbox (badness 10000) in paragraph at lines 425--427

 []


Underfull \hbox (badness 6268) in paragraph at lines 428--434
[]\T1/phv/m/sl/10 Interpretation (SPEC-U-LA-TIVE - DIS-CUSS WITH
 []


Underfull \hbox (badness 1852) in paragraph at lines 428--434
\T1/phv/m/n/10 real spikes + over-es-ti-mate back-ground rates (spike
=======
Underfull \hbox (badness 1852) in paragraph at lines 428--434
\T1/phv/m/n/10 real spikes + over-es-ti-mate back-ground rates (spike
 []


Underfull \hbox (badness 10000) in paragraph at lines 428--434

>>>>>>> ec49b598f1b419e06643ed41352148c9d89ea7f5
 []

<full_figs/why_deconvolve_F9_2.png, id=361, 288.8391pt x 357.7365pt>
File: full_figs/why_deconvolve_F9_2.png Graphic file (type png)

<<<<<<< HEAD
Underfull \hbox (badness 10000) in paragraph at lines 428--434
=======
<use full_figs/why_deconvolve_F9_2.png>
Package pdftex.def Info: full_figs/why_deconvolve_F9_2.png used on input line 4
52.
(pdftex.def)             Requested size: 358.50317pt x 300.32884pt.
>>>>>>> ec49b598f1b419e06643ed41352148c9d89ea7f5

Underfull \hbox (badness 1019) in paragraph at lines 452--452
\T1/phv/m/n/10 tri-bu-tions. (a) Pair-wise cor-re-la-
 []

<<<<<<< HEAD
<full_figs/why_deconvolve_F9_2.png, id=362, 288.8391pt x 357.7365pt>
File: full_figs/why_deconvolve_F9_2.png Graphic file (type png)
<use full_figs/why_deconvolve_F9_2.png>
Package pdftex.def Info: full_figs/why_deconvolve_F9_2.png  used on input line 452.
=======
File: full_figs/why_deconvolve_F9_2.png Graphic file (type png)
<use full_figs/why_deconvolve_F9_2.png>
Package pdftex.def Info: full_figs/why_deconvolve_F9_2.png used on input line 4
52.
(pdftex.def)             Requested size: 358.50317pt x 300.32884pt.

Underfull \hbox (badness 1019) in paragraph at lines 452--452
\T1/phv/m/n/10 tri-bu-tions. (a) Pair-wise cor-re-la-
 []

File: full_figs/why_deconvolve_F9_2.png Graphic file (type png)
<use full_figs/why_deconvolve_F9_2.png>
Package pdftex.def Info: full_figs/why_deconvolve_F9_2.png used on input line 4
52.
>>>>>>> ec49b598f1b419e06643ed41352148c9d89ea7f5
(pdftex.def)             Requested size: 358.50317pt x 300.32884pt.

Underfull \hbox (badness 1019) in paragraph at lines 452--452
\T1/phv/m/n/10 tri-bu-tions. (a) Pair-wise cor-re-la-
 []

File: full_figs/why_deconvolve_F9_2.png Graphic file (type png)
<use full_figs/why_deconvolve_F9_2.png>
Package pdftex.def Info: full_figs/why_deconvolve_F9_2.png  used on input line 452.
(pdftex.def)             Requested size: 358.50317pt x 300.32884pt.

<<<<<<< HEAD
Underfull \hbox (badness 1019) in paragraph at lines 452--452
\T1/phv/m/n/10 tri-bu-tions. (a) Pair-wise cor-re-la-
 []

File: full_figs/why_deconvolve_F9_2.png Graphic file (type png)
<use full_figs/why_deconvolve_F9_2.png>
Package pdftex.def Info: full_figs/why_deconvolve_F9_2.png  used on input line 452.
(pdftex.def)             Requested size: 358.50317pt x 300.32884pt.

Underfull \hbox (badness 1019) in paragraph at lines 452--452
\T1/phv/m/n/10 tri-bu-tions. (a) Pair-wise cor-re-la-
=======
Overfull \hbox (9.99998pt too wide) detected at line 452
 [] 
 []

[8 <./full_figs/why_deconvolve_F6_3.png (PNG copy)>]
<full_figs/why_deconvolve_F8.png, id=378, 299.4387pt x 259.4493pt>
File: full_figs/why_deconvolve_F8.png Graphic file (type png)

<use full_figs/why_deconvolve_F8.png>
Package pdftex.def Info: full_figs/why_deconvolve_F8.png used on input line 463
.
(pdftex.def)             Requested size: 358.50317pt x 309.2186pt.
File: full_figs/why_deconvolve_F8.png Graphic file (type png)
 <use full_figs/why_deconvolve_F8.png>
Package pdftex.def Info: full_figs/why_deconvolve_F8.png used on input line 463
.
(pdftex.def)             Requested size: 358.50317pt x 309.2186pt.
File: full_figs/why_deconvolve_F8.png Graphic file (type png)

<use full_figs/why_deconvolve_F8.png>
Package pdftex.def Info: full_figs/why_deconvolve_F8.png used on input line 463
.
(pdftex.def)             Requested size: 358.50317pt x 309.2186pt.

Overfull \hbox (9.99998pt too wide) detected at line 463
 [] 
 []

<full_figs/why_deconvolve_F7_2.png, id=385, 216.81pt x 174.4116pt>
File: full_figs/why_deconvolve_F7_2.png Graphic file (type png)

<use full_figs/why_deconvolve_F7_2.png>
Package pdftex.def Info: full_figs/why_deconvolve_F7_2.png used on input line 4
85.
(pdftex.def)             Requested size: 225.96579pt x 181.78564pt.

<psth2_1260.png, id=388, 748.29562pt x 360.59718pt>
File: psth2_1260.png Graphic file (type png)
 <use psth2_1260.png>
Package pdftex.def Info: psth2_1260.png used on input line 500.
(pdftex.def)             Requested size: 251.07481pt x 120.98926pt.

Underfull \vbox (badness 10000) has occurred while \output is active []

 [9 <./full_figs/why_deconvolve_F9_2.png (PNG copy)>]
Underfull \hbox (badness 1092) in paragraph at lines 523--524
[]\T1/phv/m/sl/10 (1b) De-con-vo-lu-tion meth-ods trade-off FNs vs FPs
>>>>>>> ec49b598f1b419e06643ed41352148c9d89ea7f5
 []

[10 <./full_figs/why_deconvolve_F8.png (PNG copy)> <./full_figs/why_deconvolve_
F7_2.png (PNG copy)> <./psth2_1260.png (PNG copy)>] [11]

<<<<<<< HEAD
Overfull \hbox (9.99998pt too wide) detected at line 452
 [] 
 []

[8 </Users/lpzme/work/why_deconvolve/full_figs/why_deconvolve_F6_3.png (PNG copy)>]
<full_figs/why_deconvolve_F8.png, id=378, 299.4387pt x 259.4493pt>
File: full_figs/why_deconvolve_F8.png Graphic file (type png)
<use full_figs/why_deconvolve_F8.png>
Package pdftex.def Info: full_figs/why_deconvolve_F8.png  used on input line 463.
(pdftex.def)             Requested size: 358.50317pt x 309.2186pt.
File: full_figs/why_deconvolve_F8.png Graphic file (type png)
<use full_figs/why_deconvolve_F8.png>
Package pdftex.def Info: full_figs/why_deconvolve_F8.png  used on input line 463.
(pdftex.def)             Requested size: 358.50317pt x 309.2186pt.
File: full_figs/why_deconvolve_F8.png Graphic file (type png)
<use full_figs/why_deconvolve_F8.png>
Package pdftex.def Info: full_figs/why_deconvolve_F8.png  used on input line 463.
(pdftex.def)             Requested size: 358.50317pt x 309.2186pt.

Overfull \hbox (9.99998pt too wide) detected at line 463
 [] 
 []

<full_figs/why_deconvolve_F7_2.png, id=385, 216.81pt x 174.4116pt>
File: full_figs/why_deconvolve_F7_2.png Graphic file (type png)
<use full_figs/why_deconvolve_F7_2.png>
Package pdftex.def Info: full_figs/why_deconvolve_F7_2.png  used on input line 485.
(pdftex.def)             Requested size: 225.96579pt x 181.78564pt.
<psth2_1260.png, id=388, 748.29562pt x 360.59718pt>
File: psth2_1260.png Graphic file (type png)
<use psth2_1260.png>
Package pdftex.def Info: psth2_1260.png  used on input line 500.
(pdftex.def)             Requested size: 251.07481pt x 120.98926pt.
[9 </Users/lpzme/work/why_deconvolve/full_figs/why_deconvolve_F9_2.png (PNG copy)> </Users/lpzme/work/why_deconvolve/psth2_1260.png (PNG copy)>]
Underfull \hbox (badness 1092) in paragraph at lines 523--524
[]\T1/phv/m/sl/10 (1b) De-con-vo-lu-tion meth-ods trade-off FNs vs FPs
 []

[10 </Users/lpzme/work/why_deconvolve/full_figs/why_deconvolve_F8.png (PNG copy)> </Users/lpzme/work/why_deconvolve/full_figs/why_deconvolve_F7_2.png (PNG copy)>] [11

]
Underfull \hbox (badness 1072) in paragraph at lines 577--578
\T1/phv/m/n/10 verted into mean event rates (Hz) per cell. Event
 []


Underfull \hbox (badness 1152) in paragraph at lines 593--599
[]\T1/phv/m/n/10 - Conv (ker-nel) - orig-i-nal data con-volved with an
 []


=======
Package natbib Warning: Citation `Svoboda2015-ym' on page 12 undefined on input
 line 549.


Underfull \hbox (badness 1072) in paragraph at lines 577--578
\T1/phv/m/n/10 verted into mean event rates (Hz) per cell. Event
 []


Underfull \hbox (badness 1152) in paragraph at lines 593--599
[]\T1/phv/m/n/10 - Conv (ker-nel) - orig-i-nal data con-volved with an
 []


>>>>>>> ec49b598f1b419e06643ed41352148c9d89ea7f5
Underfull \hbox (badness 10000) in paragraph at lines 593--599

 []

[12

]
Underfull \hbox (badness 2799) in paragraph at lines 607--608
<<<<<<< HEAD
\T1/cmtt/m/n/10 Suite2P \T1/phv/m/n/10 ([][]https://github.com/cortex-lab/Suite2P[][]) is ac-
=======
\T1/cmtt/m/n/10 Suite2P \T1/phv/m/n/10 ([][]https://github.com/cortex-lab/Suite
2P[][]) is ac-
>>>>>>> ec49b598f1b419e06643ed41352148c9d89ea7f5
 []


Underfull \hbox (badness 10000) in paragraph at lines 607--608

 []


Underfull \hbox (badness 10000) in paragraph at lines 609--610

 []


Underfull \hbox (badness 10000) in paragraph at lines 611--612

 []


Underfull \hbox (badness 10000) in paragraph at lines 613--614
[][]\T1/phv/m/n/10 https://drive.google.com/open?id=1NeQhmoRpS-
 []


Underfull \hbox (badness 7613) in paragraph at lines 616--617
<<<<<<< HEAD
\T1/cmtt/m/n/10 MLSpike \T1/phv/m/n/10 ([][]https://github.com/mlspike[][]) was de-vel-oped
=======
\T1/cmtt/m/n/10 MLSpike \T1/phv/m/n/10 ([][]https://github.com/mlspike[][]) was
 de-vel-oped
>>>>>>> ec49b598f1b419e06643ed41352148c9d89ea7f5
 []


Underfull \hbox (badness 1412) in paragraph at lines 616--617
<<<<<<< HEAD
\T1/phv/m/n/10 A model-based prob-a-bilis-tic ap-proach, \T1/cmtt/m/n/10 MLSpike \T1/phv/m/n/10 was
=======
\T1/phv/m/n/10 A model-based prob-a-bilis-tic ap-proach, \T1/cmtt/m/n/10 MLSpik
e \T1/phv/m/n/10 was
>>>>>>> ec49b598f1b419e06643ed41352148c9d89ea7f5
 []


Underfull \hbox (badness 10000) in paragraph at lines 616--617

 []

(/usr/local/texlive/2018/texmf-dist/tex/latex/ucs/data/uni-0.def
File: uni-0.def 2013/05/13 UCS: Unicode data U+0000..U+00FF
)
Underfull \hbox (badness 10000) in paragraph at lines 618--619

 []


Underfull \hbox (badness 10000) in paragraph at lines 625--626

 []


Underfull \hbox (badness 2680) in paragraph at lines 627--628
\T1/phv/m/n/10 Jewell, Sean, and Daniela Wit-ten. "Ex-act Spike
 []


Underfull \hbox (badness 2970) in paragraph at lines 627--628
<<<<<<< HEAD
\T1/phv/m/n/10 Train In-fer-ence Via $\OML/cmm/m/it/10 l[]$ \T1/phv/m/n/10 Op-ti-miza-tion." arXiv preprint
=======
\T1/phv/m/n/10 Train In-fer-ence Via $\OML/cmm/m/it/10 l[]$ \T1/phv/m/n/10 Op-t
i-miza-tion." arXiv preprint
>>>>>>> ec49b598f1b419e06643ed41352148c9d89ea7f5
 []


Underfull \hbox (badness 10000) in paragraph at lines 627--628

 []

LaTeX Font Info:    Font shape `T1/phv/bx/it' in size <10> not available
(Font)              Font shape `T1/phv/b/it' tried instead on input line 632.
LaTeX Font Info:    Font shape `T1/phv/b/it' in size <10> not available
(Font)              Font shape `T1/phv/b/sl' tried instead on input line 632.

Underfull \hbox (badness 10000) in paragraph at lines 632--633

 []

<<<<<<< HEAD
[13]
<figs/cxy_subset_comparison3.png, id=455, 587.3142pt x 282.3348pt>
File: figs/cxy_subset_comparison3.png Graphic file (type png)
<use figs/cxy_subset_comparison3.png>
Package pdftex.def Info: figs/cxy_subset_comparison3.png  used on input line 652.
(pdftex.def)             Requested size: 251.07481pt x 122.35219pt.
pdfTeX warning (ext4): destination with the same identifier (name{figure.1}) has been already used, duplicate ignored
<to be read again> 
                   \relax 
l.653 ...s substantial variation between methods.}
                                                  }%(b) Pairwise correlation...pdfTeX warning (ext4): destination with the same identifier (name{figure.1}) has been already used, duplicate ignored
<to be read again> 
                   \relax 
l.653 ...s substantial variation between methods.}
                                                  }%(b) Pairwise correlation... (/Users/lpzme/work/why_deconvolve/main.bbl
=======
[13] <figs/cxy_subset_comparison3.png, id=452, 587.3142pt x 282.3348pt>
File: figs/cxy_subset_comparison3.png Graphic file (type png)

<use figs/cxy_subset_comparison3.png>
Package pdftex.def Info: figs/cxy_subset_comparison3.png used on input line 652
.
(pdftex.def)             Requested size: 251.07481pt x 122.35219pt.
pdfTeX warning (ext4): destination with the same identifier (name{figure.1}) ha
s been already used, duplicate ignored
<to be read again> 
                   \relax 
l.653 ...s substantial variation between methods.}
                                                  }%(b) Pairwise correlation...
pdfTeX warning (ext4): destination with the same identifier (name{figure.1}) ha
s been already used, duplicate ignored
<to be read again> 
                   \relax 
l.653 ...s substantial variation between methods.}
                                                  }%(b) Pairwise correlation...
(./main.bbl
>>>>>>> ec49b598f1b419e06643ed41352148c9d89ea7f5
Underfull \hbox (badness 1931) in paragraph at lines 13--24
[]\T1/phv/m/n/10 Philipp Berens, Jeremy Free-man, Thomas Deneux,
 []


Underfull \hbox (badness 7944) in paragraph at lines 13--24
\T1/phv/m/n/10 Pe-ter Rup-precht, Stephan Ger-hard, Rainer W
 []


Underfull \hbox (badness 1448) in paragraph at lines 13--24
\T1/phv/m/n/10 o-thy A Machado, Dario Ringach, Jas-mine Stone,
 []


Underfull \hbox (badness 4366) in paragraph at lines 13--24
\T1/phv/m/n/10 Em-manouil Froudarakis, Thomas Eu-ler, Miroslav
 []


Underfull \hbox (badness 2119) in paragraph at lines 41--46
\T1/phv/m/n/10 Ka-tona, Tams Lakner, Ami-ram Grin-vald, Balzs
 []


Underfull \hbox (badness 1189) in paragraph at lines 76--79
[]\T1/phv/m/n/10 Marius Pa-chi-tariu, Carsen Stringer, Sylvia Schrder,
 []

<<<<<<< HEAD
) [14

 </Users/lpzme/work/why_deconvolve/figs/cxy_subset_comparison3.png (PNG copy)>]
Package atveryend Info: Empty hook `BeforeClearDocument' on input line 693.
Package atveryend Info: Empty hook `AfterLastShipout' on input line 693.
 (/Users/lpzme/work/why_deconvolve/main.aux)
=======
)

Package natbib Warning: There were undefined citations.

[14

 <./figs/cxy_subset_comparison3.png (PNG copy)>]
Package atveryend Info: Empty hook `BeforeClearDocument' on input line 693.
Package atveryend Info: Empty hook `AfterLastShipout' on input line 693.
 (./main.aux)
>>>>>>> ec49b598f1b419e06643ed41352148c9d89ea7f5
Package atveryend Info: Executing hook `AtVeryEndDocument' on input line 693.
Package atveryend Info: Executing hook `AtEndAfterFileList' on input line 693.
Package rerunfilecheck Info: File `main.out' has not changed.
(rerunfilecheck)             Checksum: 57F3D6A820A05EFC1B9558C5DF447A78;1463.
<<<<<<< HEAD
Package atveryend Info: Empty hook `AtVeryVeryEnd' on input line 693.
 ) 
Here is how much of TeX's memory you used:
 20476 strings out of 492649
 368289 string characters out of 6129623
 502739 words of memory out of 5000000
 23895 multiletter control sequences out of 15000+600000
 40244 words of font info for 52 fonts, out of 8000000 for 9000
 1141 hyphenation exceptions out of 8191
 62i,9n,92p,1953b,735s stack positions out of 5000i,500n,10000p,200000b,80000s
{/usr/local/texlive/2018/texmf-dist/fonts/enc/dvips/base/8r.enc}{/usr/local/texlive/2018/texmf-dist/fonts/enc/dvips/cm-super/cm-super-t1.enc}</usr/local/texlive/2018/texmf-dist/fonts/type1/public/amsfonts/cm/cmmi10.pfb></usr/local/texlive/2018/texmf-dist/fonts/type1/public/amsfonts/cm/cmmi7.pfb></usr/local/texlive/2018/texmf-dist/fonts/type1/public/amsfonts/cm/cmr10.pfb></usr/local/texlive/2018/texmf-dist/fonts/type1/public/amsfonts/cm/cmr7.pfb></usr/local/texlive/2018/texmf-dist/fonts/type1/public/amsfonts/cm/cmsy10.pfb></usr/local/texlive/2018/texmf-dist/fonts/type1/public/cm-super/sftt1000.pfb></usr/local/texlive/2018/texmf-dist/fonts/type1/urw/helvetic/uhvb8a.pfb></usr/local/texlive/2018/texmf-dist/fonts/type1/urw/helvetic/uhvbo8a.pfb></usr/local/texlive/2018/texmf-dist/fonts/type1/urw/helvetic/uhvr8a.pfb></usr/local/texlive/2018/texmf-dist/fonts/type1/urw/helvetic/uhvro8a.pfb>
Output written on /Users/lpzme/work/why_deconvolve/main.pdf (14 pages, 3328725 bytes).
PDF statistics:
 518 PDF objects out of 1000 (max. 8388607)
 381 compressed objects within 4 object streams
 77 named destinations out of 1000 (max. 500000)
=======


LaTeX Warning: Label(s) may have changed. Rerun to get cross-references right.

Package atveryend Info: Empty hook `AtVeryVeryEnd' on input line 693.
 ) 
Here is how much of TeX's memory you used:
 20460 strings out of 494910
 366008 string characters out of 6179836
 491541 words of memory out of 5000000
 23290 multiletter control sequences out of 15000+600000
 40244 words of font info for 52 fonts, out of 8000000 for 9000
 36 hyphenation exceptions out of 8191
 62i,9n,92p,1920b,746s stack positions out of 5000i,500n,10000p,200000b,80000s
{/usr/share/texlive/texmf-dist/fonts/enc/dvips/base/8r.enc} </home/mathew/.te
xmf-var/fonts/pk/ljfour/jknappen/ec/ectt1000.600pk></usr/share/texlive/texmf-di
st/fonts/type1/public/amsfonts/cm/cmmi10.pfb></usr/share/texlive/texmf-dist/fon
ts/type1/public/amsfonts/cm/cmmi7.pfb></usr/share/texlive/texmf-dist/fonts/type
1/public/amsfonts/cm/cmr10.pfb></usr/share/texlive/texmf-dist/fonts/type1/publi
c/amsfonts/cm/cmr7.pfb></usr/share/texlive/texmf-dist/fonts/type1/public/amsfon
ts/cm/cmsy10.pfb></usr/share/texlive/texmf-dist/fonts/type1/urw/helvetic/uhvb8a
.pfb></usr/share/texlive/texmf-dist/fonts/type1/urw/helvetic/uhvbo8a.pfb></usr/
share/texlive/texmf-dist/fonts/type1/urw/helvetic/uhvr8a.pfb></usr/share/texliv
e/texmf-dist/fonts/type1/urw/helvetic/uhvro8a.pfb>
Output written on main.pdf (14 pages, 3308612 bytes).
PDF statistics:
 546 PDF objects out of 1000 (max. 8388607)
 378 compressed objects within 4 object streams
 76 named destinations out of 1000 (max. 500000)
>>>>>>> ec49b598f1b419e06643ed41352148c9d89ea7f5
 301 words of extra memory for PDF output out of 10000 (max. 10000000)

